<?xml version="1.0" encoding="UTF-8"?>
<!-- Generated by org.testng.reporters.JUnitReportReporter -->
<testsuite hostname="IN5CG5322ZPG" failures="0" tests="1" name="com.rest.TC_004_GETHeaders" time="6.195" errors="0" timestamp="25 Nov 2019 07:01:03 GMT">
  <testcase classname="com.rest.TC_004_GETHeaders" name="googlemaptest" time="6.195"/>
</testsuite> <!-- com.rest.TC_004_GETHeaders -->
