<?xml version="1.0" encoding="UTF-8"?>
<!-- Generated by org.testng.reporters.JUnitReportReporter -->
<testsuite hostname="IN5CG5322ZPG" failures="0" tests="1" name="com.rest.TC_005_ResponseBody" time="4.064" errors="0" timestamp="25 Nov 2019 10:22:11 GMT">
  <testcase classname="com.rest.TC_005_ResponseBody" name="responsebodyvalidation" time="4.064"/>
</testsuite> <!-- com.rest.TC_005_ResponseBody -->
