<?xml version="1.0" encoding="UTF-8"?>
<!-- Generated by org.testng.reporters.JUnitReportReporter -->
<testsuite hostname="IN5CG5322ZPG" failures="0" tests="5" name="com.rest.DataDriven.DataDriventestwithmultiple" time="9.396" errors="0" timestamp="26 Nov 2019 02:18:20 GMT">
  <testcase classname="com.rest.DataDriven.DataDriventestwithmultiple" name="testaddnewemployeesmultiple" time="1.700"/>
  <testcase classname="com.rest.DataDriven.DataDriventestwithmultiple" name="testaddnewemployeesmultiple" time="4.676"/>
  <testcase classname="com.rest.DataDriven.DataDriventestwithmultiple" name="testaddnewemployeesmultiple" time="1.060"/>
  <testcase classname="com.rest.DataDriven.DataDriventestwithmultiple" name="testaddnewemployeesmultiple" time="0.992"/>
  <testcase classname="com.rest.DataDriven.DataDriventestwithmultiple" name="testaddnewemployeesmultiple" time="0.968"/>
</testsuite> <!-- com.rest.DataDriven.DataDriventestwithmultiple -->
