<?xml version="1.0" encoding="UTF-8"?>
<!-- Generated by org.testng.reporters.JUnitReportReporter -->
<testsuite hostname="IN5CG5322ZPG" failures="0" tests="1" name="com.rest.TC_003_GET_Request" time="3.524" errors="0" timestamp="25 Nov 2019 17:30:26 GMT">
  <testcase classname="com.rest.TC_003_GET_Request" name="googlemaptest" time="3.524"/>
</testsuite> <!-- com.rest.TC_003_GET_Request -->
