<?xml version="1.0" encoding="UTF-8"?>
<!-- Generated by org.testng.reporters.JUnitReportReporter -->
<testsuite hostname="IN5CG5322ZPG" failures="0" tests="1" name="com.rest.TC_007_GET_Authorization" time="12.362" errors="0" timestamp="26 Nov 2019 06:28:04 GMT">
  <testcase classname="com.rest.TC_007_GET_Authorization" name="authorization" time="12.362"/>
</testsuite> <!-- com.rest.TC_007_GET_Authorization -->
