<?xml version="1.0" encoding="UTF-8"?>
<!-- Generated by org.testng.reporters.JUnitReportReporter -->
<testsuite hostname="IN5CG5322ZPG" failures="0" tests="1" name="com.rest.TC_002_PostRequest" time="4.930" errors="0" timestamp="25 Nov 2019 10:41:55 GMT">
  <testcase classname="com.rest.TC_002_PostRequest" name="weatherpost1" time="4.930"/>
</testsuite> <!-- com.rest.TC_002_PostRequest -->
