<?xml version="1.0" encoding="UTF-8"?>
<!-- Generated by org.testng.reporters.JUnitReportReporter -->
<testsuite hostname="IN5CG5322ZPG" failures="0" tests="1" name="com.rest.TC_006_GET_EachNodeJson" time="5.236" errors="0" timestamp="25 Nov 2019 10:21:52 GMT">
  <testcase classname="com.rest.TC_006_GET_EachNodeJson" name="jsonValues" time="5.236"/>
</testsuite> <!-- com.rest.TC_006_GET_EachNodeJson -->
