<?xml version="1.0" encoding="UTF-8"?>
<!-- Generated by org.testng.reporters.JUnitReportReporter -->
<testsuite hostname="IN5CG5322ZPG" failures="0" tests="1" name="com.rest.TC001_GET_Request" time="4.084" errors="0" timestamp="22 Nov 2019 19:33:50 GMT">
  <testcase classname="com.rest.TC001_GET_Request" name="weathertest" time="4.084"/>
</testsuite> <!-- com.rest.TC001_GET_Request -->
